0 info it worked if it ends with ok
1 verbose cli [ 'C:\\Program Files\\nodejs\\node.exe',
1 verbose cli   'C:\\Program Files\\nodejs\\node_modules\\npm\\bin\\npm-cli.js',
1 verbose cli   'install',
1 verbose cli   'urllib',
1 verbose cli   '-t',
1 verbose cli   'D:\\lambda\\lambda' ]
2 info using npm@3.10.10
3 info using node@v6.11.4
4 verbose config Skipping project config: C:\Users\xwu24_000/.npmrc. (matches userconfig)
5 silly loadCurrentTree Starting
6 silly install loadCurrentTree
7 silly install readLocalPackageData
8 silly fetchPackageMetaData urllib
9 silly fetchPackageMetaData D:\lambda\lambda
10 silly fetchNamedPackageData urllib
11 silly mapToRegistry name urllib
12 silly mapToRegistry using default registry
13 silly mapToRegistry registry https://registry.npmjs.org/
14 silly mapToRegistry data Result {
14 silly mapToRegistry   raw: 'urllib',
14 silly mapToRegistry   scope: null,
14 silly mapToRegistry   escapedName: 'urllib',
14 silly mapToRegistry   name: 'urllib',
14 silly mapToRegistry   rawSpec: '',
14 silly mapToRegistry   spec: 'latest',
14 silly mapToRegistry   type: 'tag' }
15 silly mapToRegistry uri https://registry.npmjs.org/urllib
16 silly fetchOtherPackageData D:\lambda\lambda
17 silly cache add args [ 'D:\\lambda\\lambda', null ]
18 verbose cache add spec D:\lambda\lambda
19 silly cache add parsed spec Result {
19 silly cache add   raw: 'D:\\lambda\\lambda',
19 silly cache add   scope: null,
19 silly cache add   escapedName: null,
19 silly cache add   name: null,
19 silly cache add   rawSpec: 'D:\\lambda\\lambda',
19 silly cache add   spec: 'D:\\lambda\\lambda',
19 silly cache add   type: 'local' }
20 verbose request uri https://registry.npmjs.org/urllib
21 verbose request no auth needed
22 info attempt registry request try #1 at 10:11:51 PM
23 verbose request id aa4da1333b697a34
24 verbose etag W/"59e9be9e-46723"
25 verbose lastModified Fri, 20 Oct 2017 09:15:10 GMT
26 http request GET https://registry.npmjs.org/urllib
27 error addLocal Could not install D:\lambda\lambda
28 silly fetchPackageMetaData Error: EISDIR: illegal operation on a directory, read
28 silly fetchPackageMetaData     at Error (native)
28 silly fetchPackageMetaData  error for D:\lambda\lambda { Error: EISDIR: illegal operation on a directory, read
28 silly fetchPackageMetaData     at Error (native) errno: -4068, code: 'EISDIR', syscall: 'read' }
29 http 304 https://registry.npmjs.org/urllib
30 verbose headers { date: 'Tue, 28 Nov 2017 03:11:48 GMT',
30 verbose headers   via: '1.1 varnish',
30 verbose headers   'cache-control': 'max-age=300',
30 verbose headers   etag: 'W/"59e9be9e-46723"',
30 verbose headers   age: '27',
30 verbose headers   connection: 'keep-alive',
30 verbose headers   'x-served-by': 'cache-ewr18123-EWR',
30 verbose headers   'x-cache': 'HIT',
30 verbose headers   'x-cache-hits': '1',
30 verbose headers   'x-timer': 'S1511838708.423431,VS0,VE0',
30 verbose headers   vary: 'Accept-Encoding, Accept' }
31 silly get cb [ 304,
31 silly get   { date: 'Tue, 28 Nov 2017 03:11:48 GMT',
31 silly get     via: '1.1 varnish',
31 silly get     'cache-control': 'max-age=300',
31 silly get     etag: 'W/"59e9be9e-46723"',
31 silly get     age: '27',
31 silly get     connection: 'keep-alive',
31 silly get     'x-served-by': 'cache-ewr18123-EWR',
31 silly get     'x-cache': 'HIT',
31 silly get     'x-cache-hits': '1',
31 silly get     'x-timer': 'S1511838708.423431,VS0,VE0',
31 silly get     vary: 'Accept-Encoding, Accept' } ]
32 verbose etag https://registry.npmjs.org/urllib from cache
33 verbose get saving urllib to C:\Users\xwu24_000\AppData\Roaming\npm-cache\registry.npmjs.org\urllib\.cache.json
34 verbose correctMkdir C:\Users\xwu24_000\AppData\Roaming\npm-cache correctMkdir not in flight; initializing
35 silly rollbackFailedOptional Starting
36 silly rollbackFailedOptional Finishing
37 silly runTopLevelLifecycles Finishing
38 silly install printInstalled
39 verbose stack Error: EISDIR: illegal operation on a directory, read
39 verbose stack     at Error (native)
40 verbose cwd C:\Users\xwu24_000\lambda
41 error Windows_NT 6.3.9600
42 error argv "C:\\Program Files\\nodejs\\node.exe" "C:\\Program Files\\nodejs\\node_modules\\npm\\bin\\npm-cli.js" "install" "urllib" "-t" "D:\\lambda\\lambda"
43 error node v6.11.4
44 error npm  v3.10.10
45 error code EISDIR
46 error errno -4068
47 error syscall read
48 error eisdir EISDIR: illegal operation on a directory, read
49 error eisdir This is most likely not a problem with npm itself
49 error eisdir and is related to npm not being able to find a package.json in
49 error eisdir a package you are trying to install.
50 verbose exit [ -4068, true ]
